Flow report for LED_SHIFT
Thu Dec 28 01:40:35 2023
Quartus Prime Version 23.1std.0 Build 991 11/28/2023 SC Lite Edition


---------------------
; Table of Contents ;
---------------------
  1. Legal Notice
  2. Flow Summary
  3. Flow Settings
  4. Flow Non-Default Global Settings
  5. Flow Elapsed Time
  6. Flow OS Summary
  7. Flow Log
  8. Flow Messages
  9. Flow Suppressed Messages



----------------
; Legal Notice ;
----------------
Copyright (C) 2023  Intel Corporation. All rights reserved.
Your use of Intel Corporation's design tools, logic functions 
and other software and tools, and any partner logic 
functions, and any output files from any of the foregoing 
(including device programming or simulation files), and any 
associated documentation or information are expressly subject 
to the terms and conditions of the Intel Program License 
Subscription Agreement, the Intel Quartus Prime License Agreement,
the Intel FPGA IP License Agreement, or other applicable license
agreement, including, without limitation, that your use is for
the sole purpose of programming logic devices manufactured by
Intel and sold by Intel or its authorized distributors.  Please
refer to the applicable agreement for further details, at
https://fpgasoftware.intel.com/eula.



+------------------------------------------------------------------------+
; Flow Summary                                                           ;
+-----------------------+------------------------------------------------+
; Flow Status           ; Successful - Thu Dec 28 01:40:35 2023          ;
; Quartus Prime Version ; 23.1std.0 Build 991 11/28/2023 SC Lite Edition ;
; Revision Name         ; LED_SHIFT                                      ;
; Top-level Entity Name ; LED_SHIFT                                      ;
; Family                ; MAX II                                         ;
; Device                ; EPM240T100C5                                   ;
; Timing Models         ; Final                                          ;
; Total logic elements  ; 67 / 240 ( 28 % )                              ;
; Total pins            ; 10 / 80 ( 13 % )                               ;
; Total virtual pins    ; 0                                              ;
; UFM blocks            ; 0 / 1 ( 0 % )                                  ;
+-----------------------+------------------------------------------------+


+-----------------------------------------+
; Flow Settings                           ;
+-------------------+---------------------+
; Option            ; Setting             ;
+-------------------+---------------------+
; Start date & time ; 12/28/2023 01:40:26 ;
; Main task         ; Compilation         ;
; Revision Name     ; LED_SHIFT           ;
+-------------------+---------------------+


+------------------------------------------------------------------------------------------------------------------------------------------+
; Flow Non-Default Global Settings                                                                                                         ;
+---------------------------------------+--------------------------------+---------------+-------------+-----------------------------------+
; Assignment Name                       ; Value                          ; Default Value ; Entity Name ; Section Id                        ;
+---------------------------------------+--------------------------------+---------------+-------------+-----------------------------------+
; COMPILER_SIGNATURE_ID                 ; 27214213359140.170369522618956 ; --            ; --          ; --                                ;
; EDA_GENERATE_FUNCTIONAL_NETLIST       ; Off                            ; --            ; --          ; eda_board_design_timing           ;
; EDA_GENERATE_FUNCTIONAL_NETLIST       ; Off                            ; --            ; --          ; eda_board_design_boundary_scan    ;
; EDA_GENERATE_FUNCTIONAL_NETLIST       ; Off                            ; --            ; --          ; eda_board_design_signal_integrity ;
; EDA_GENERATE_FUNCTIONAL_NETLIST       ; Off                            ; --            ; --          ; eda_board_design_symbol           ;
; EDA_OUTPUT_DATA_FORMAT                ; Verilog Hdl                    ; --            ; --          ; eda_simulation                    ;
; EDA_SIMULATION_TOOL                   ; Questa Intel FPGA (Verilog)    ; <None>        ; --          ; --                                ;
; EDA_TIME_SCALE                        ; 1 ps                           ; --            ; --          ; eda_simulation                    ;
; MAX_CORE_JUNCTION_TEMP                ; 85                             ; --            ; --          ; --                                ;
; MIN_CORE_JUNCTION_TEMP                ; 0                              ; --            ; --          ; --                                ;
; POWER_EXT_SUPPLY_VOLTAGE_TO_REGULATOR ; 3.3V                           ; --            ; --          ; --                                ;
; PROJECT_OUTPUT_DIRECTORY              ; output_files                   ; --            ; --          ; --                                ;
+---------------------------------------+--------------------------------+---------------+-------------+-----------------------------------+


+--------------------------------------------------------------------------------------------------------------------------+
; Flow Elapsed Time                                                                                                        ;
+----------------------+--------------+-------------------------+---------------------+------------------------------------+
; Module Name          ; Elapsed Time ; Average Processors Used ; Peak Virtual Memory ; Total CPU Time (on all processors) ;
+----------------------+--------------+-------------------------+---------------------+------------------------------------+
; Analysis & Synthesis ; 00:00:04     ; 1.0                     ; 4704 MB             ; 00:00:06                           ;
; Fitter               ; 00:00:01     ; 1.1                     ; 6151 MB             ; 00:00:00                           ;
; Assembler            ; 00:00:00     ; 1.0                     ; 4668 MB             ; 00:00:00                           ;
; Timing Analyzer      ; 00:00:00     ; 1.0                     ; 4674 MB             ; 00:00:00                           ;
; EDA Netlist Writer   ; 00:00:00     ; 1.0                     ; 4620 MB             ; 00:00:00                           ;
; Total                ; 00:00:05     ; --                      ; --                  ; 00:00:06                           ;
+----------------------+--------------+-------------------------+---------------------+------------------------------------+


+------------------------------------------------------------------------------------+
; Flow OS Summary                                                                    ;
+----------------------+------------------+------------+------------+----------------+
; Module Name          ; Machine Hostname ; OS Name    ; OS Version ; Processor type ;
+----------------------+------------------+------------+------------+----------------+
; Analysis & Synthesis ; EIDOS-DESKTOP    ; Windows 10 ; 10.0       ; x86_64         ;
; Fitter               ; EIDOS-DESKTOP    ; Windows 10 ; 10.0       ; x86_64         ;
; Assembler            ; EIDOS-DESKTOP    ; Windows 10 ; 10.0       ; x86_64         ;
; Timing Analyzer      ; EIDOS-DESKTOP    ; Windows 10 ; 10.0       ; x86_64         ;
; EDA Netlist Writer   ; EIDOS-DESKTOP    ; Windows 10 ; 10.0       ; x86_64         ;
+----------------------+------------------+------------+------------+----------------+


------------
; Flow Log ;
------------
quartus_map --read_settings_files=on --write_settings_files=off LED_SHIFT -c LED_SHIFT
quartus_fit --read_settings_files=off --write_settings_files=off LED_SHIFT -c LED_SHIFT
quartus_asm --read_settings_files=off --write_settings_files=off LED_SHIFT -c LED_SHIFT
quartus_sta LED_SHIFT -c LED_SHIFT
quartus_eda --read_settings_files=off --write_settings_files=off LED_SHIFT -c LED_SHIFT



